<?xml version="1.0" encoding="UTF-8"?>
<!-- Generated by org.testng.reporters.JUnitXMLReporter -->
<testsuite ignored="16" hostname="EPINHYDW0832" failures="0" tests="13" name="Surefire test" time="0.088" errors="0" timestamp="2023-04-28T10:55:14 IST">
  <testcase classname="com.epam.testng.CalculatorTest" name="verifyDiv" time="0.005"/>
  <testcase classname="com.epam.testng.CalculatorTest" name="verifyDiv" time="0.0"/>
  <testcase classname="com.epam.testng.CalculatorTest" name="verifyDiv" time="0.0"/>
  <testcase classname="com.epam.testng.CalculatorTest" name="verifyDiv" time="0.001"/>
  <testcase classname="com.epam.testng.CalculatorTest" name="verifyDiv" time="0.001"/>
  <testcase classname="com.epam.testng.CalculatorTest" name="verifyDiv" time="0.001"/>
  <testcase classname="com.epam.testng.CalculatorTest" name="verifyDiv" time="0.0"/>
  <testcase classname="com.epam.testng.CalculatorTest" name="verifyDiv" time="0.0"/>
  <testcase classname="com.epam.testng.CalculatorTest" name="verifyDiv" time="0.001"/>
  <testcase classname="com.epam.testng.CalculatorTest" name="verifyDiv" time="0.0"/>
  <testcase classname="com.epam.testng.CalculatorTest" name="verifyDiv" time="0.001"/>
  <testcase classname="com.epam.testng.CalculatorTest" name="verifyDiv" time="0.0"/>
  <testcase classname="com.epam.testng.CalculatorTest" name="verifyDiv" time="0.001"/>
  <testcase classname="com.epam.testng.CalculatorTest" name="verifyPow" time="0.0">
    <ignored/>
  </testcase> <!-- verifyPow -->
  <testcase classname="com.epam.testng.CalculatorTest" name="verifyCtg" time="0.0">
    <ignored/>
  </testcase> <!-- verifyCtg -->
  <testcase classname="com.epam.testng.CalculatorTest" name="verifySin" time="0.0">
    <ignored/>
  </testcase> <!-- verifySin -->
  <testcase classname="com.epam.testng.CalculatorTest" name="verifyDivForException" time="0.0">
    <ignored/>
  </testcase> <!-- verifyDivForException -->
  <testcase classname="com.epam.testng.CalculatorTest" name="verifyDivForException" time="0.0">
    <ignored/>
  </testcase> <!-- verifyDivForException -->
  <testcase classname="com.epam.testng.CalculatorTest" name="verifyTg" time="0.0">
    <ignored/>
  </testcase> <!-- verifyTg -->
  <testcase classname="com.epam.testng.CalculatorTest" name="verifyIsPositive" time="0.0">
    <ignored/>
  </testcase> <!-- verifyIsPositive -->
  <testcase classname="com.epam.testng.CalculatorTest" name="verifyMult" time="0.0">
    <ignored/>
  </testcase> <!-- verifyMult -->
  <testcase classname="com.epam.testng.CalculatorTest" name="verifySqrt" time="0.0">
    <ignored/>
  </testcase> <!-- verifySqrt -->
  <testcase classname="com.epam.testng.CalculatorTest" name="verifyMult" time="0.0">
    <ignored/>
  </testcase> <!-- verifyMult -->
  <testcase classname="com.epam.testng.CalculatorTest" name="verifySum" time="0.0">
    <ignored/>
  </testcase> <!-- verifySum -->
  <testcase classname="com.epam.testng.CalculatorTest" name="verifyIsNegative" time="0.0">
    <ignored/>
  </testcase> <!-- verifyIsNegative -->
  <testcase classname="com.epam.testng.CalculatorTest" name="verifySum" time="0.0">
    <ignored/>
  </testcase> <!-- verifySum -->
  <testcase classname="com.epam.testng.CalculatorTest" name="verifySub" time="0.0">
    <ignored/>
  </testcase> <!-- verifySub -->
  <testcase classname="com.epam.testng.CalculatorTest" name="verifySub" time="0.0">
    <ignored/>
  </testcase> <!-- verifySub -->
  <testcase classname="com.epam.testng.CalculatorTest" name="verifyCos" time="0.0">
    <ignored/>
  </testcase> <!-- verifyCos -->
</testsuite> <!-- Surefire test -->
