<?xml version="1.0" encoding="UTF-8"?>
<testng-results ignored="16" total="29" passed="13" failed="0" skipped="0">
  <reporter-output>
  </reporter-output>
  <suite started-at="2023-04-28T10:55:13 IST" name="Surefire suite" finished-at="2023-04-28T10:55:14 IST" duration-ms="88">
    <groups>
      <group name="PrimaryOperations">
        <method signature="CalculatorTest.verifyDiv(double,double)[pri:0, instance:com.epam.testng.CalculatorTest@4fb0f2b9]" name="verifyDiv" class="com.epam.testng.CalculatorTest"/>
        <method signature="CalculatorTest.verifyDiv(long,long)[pri:0, instance:com.epam.testng.CalculatorTest@4fb0f2b9]" name="verifyDiv" class="com.epam.testng.CalculatorTest"/>
      </group> <!-- PrimaryOperations -->
    </groups>
    <test started-at="2023-04-28T10:55:13 IST" name="Surefire test" finished-at="2023-04-28T10:55:14 IST" duration-ms="88">
      <class name="com.epam.testng.CalculatorTest">
        <test-method is-config="true" signature="beforeSuite()[pri:0, instance:com.epam.testng.CalculatorTest@4fb0f2b9]" started-at="2023-04-28T10:55:13 IST" name="beforeSuite" finished-at="2023-04-28T10:55:13 IST" duration-ms="9" status="PASS">
          <reporter-output>
          </reporter-output>
        </test-method> <!-- beforeSuite -->
        <test-method is-config="true" signature="beforeTest()[pri:0, instance:com.epam.testng.CalculatorTest@4fb0f2b9]" started-at="2023-04-28T10:55:13 IST" name="beforeTest" finished-at="2023-04-28T10:55:13 IST" duration-ms="0" status="PASS">
          <reporter-output>
          </reporter-output>
        </test-method> <!-- beforeTest -->
        <test-method is-config="true" signature="beforeClass()[pri:0, instance:com.epam.testng.CalculatorTest@4fb0f2b9]" started-at="2023-04-28T10:55:13 IST" name="beforeClass" finished-at="2023-04-28T10:55:13 IST" duration-ms="0" status="PASS">
          <reporter-output>
          </reporter-output>
        </test-method> <!-- beforeClass -->
        <test-method is-config="true" signature="beforeMethod()[pri:0, instance:com.epam.testng.CalculatorTest@4fb0f2b9]" started-at="2023-04-28T10:55:13 IST" name="beforeMethod" finished-at="2023-04-28T10:55:13 IST" duration-ms="0" status="PASS">
          <reporter-output>
          </reporter-output>
        </test-method> <!-- beforeMethod -->
        <test-method signature="verifyDiv(double,double)[pri:0, instance:com.epam.testng.CalculatorTest@4fb0f2b9]" started-at="2023-04-28T10:55:13 IST" name="verifyDiv" data-provider="dataProviderForDivOfDouble" finished-at="2023-04-28T10:55:13 IST" duration-ms="5" status="PASS">
          <params>
            <param index="0">
              <value>
                <![CDATA[2.5]]>
              </value>
            </param>
            <param index="1">
              <value>
                <![CDATA[4.5]]>
              </value>
            </param>
          </params>
          <reporter-output>
          </reporter-output>
        </test-method> <!-- verifyDiv -->
        <test-method is-config="true" signature="afterMethod()[pri:0, instance:com.epam.testng.CalculatorTest@4fb0f2b9]" started-at="2023-04-28T10:55:13 IST" name="afterMethod" finished-at="2023-04-28T10:55:13 IST" duration-ms="0" status="PASS">
          <reporter-output>
          </reporter-output>
        </test-method> <!-- afterMethod -->
        <test-method is-config="true" signature="beforeMethod()[pri:0, instance:com.epam.testng.CalculatorTest@4fb0f2b9]" started-at="2023-04-28T10:55:13 IST" name="beforeMethod" finished-at="2023-04-28T10:55:13 IST" duration-ms="1" status="PASS">
          <reporter-output>
          </reporter-output>
        </test-method> <!-- beforeMethod -->
        <test-method signature="verifyDiv(double,double)[pri:0, instance:com.epam.testng.CalculatorTest@4fb0f2b9]" started-at="2023-04-28T10:55:13 IST" name="verifyDiv" data-provider="dataProviderForDivOfDouble" finished-at="2023-04-28T10:55:13 IST" duration-ms="0" status="PASS">
          <params>
            <param index="0">
              <value>
                <![CDATA[4.9E-324]]>
              </value>
            </param>
            <param index="1">
              <value>
                <![CDATA[1.7976931348623157E308]]>
              </value>
            </param>
          </params>
          <reporter-output>
          </reporter-output>
        </test-method> <!-- verifyDiv -->
        <test-method is-config="true" signature="afterMethod()[pri:0, instance:com.epam.testng.CalculatorTest@4fb0f2b9]" started-at="2023-04-28T10:55:13 IST" name="afterMethod" finished-at="2023-04-28T10:55:13 IST" duration-ms="1" status="PASS">
          <reporter-output>
          </reporter-output>
        </test-method> <!-- afterMethod -->
        <test-method is-config="true" signature="beforeMethod()[pri:0, instance:com.epam.testng.CalculatorTest@4fb0f2b9]" started-at="2023-04-28T10:55:13 IST" name="beforeMethod" finished-at="2023-04-28T10:55:13 IST" duration-ms="1" status="PASS">
          <reporter-output>
          </reporter-output>
        </test-method> <!-- beforeMethod -->
        <test-method signature="verifyDiv(double,double)[pri:0, instance:com.epam.testng.CalculatorTest@4fb0f2b9]" started-at="2023-04-28T10:55:13 IST" name="verifyDiv" data-provider="dataProviderForDivOfDouble" finished-at="2023-04-28T10:55:13 IST" duration-ms="0" status="PASS">
          <params>
            <param index="0">
              <value>
                <![CDATA[0]]>
              </value>
            </param>
            <param index="1">
              <value>
                <![CDATA[5.95]]>
              </value>
            </param>
          </params>
          <reporter-output>
          </reporter-output>
        </test-method> <!-- verifyDiv -->
        <test-method is-config="true" signature="afterMethod()[pri:0, instance:com.epam.testng.CalculatorTest@4fb0f2b9]" started-at="2023-04-28T10:55:13 IST" name="afterMethod" finished-at="2023-04-28T10:55:13 IST" duration-ms="0" status="PASS">
          <reporter-output>
          </reporter-output>
        </test-method> <!-- afterMethod -->
        <test-method signature="verifyDiv(double,double)[pri:0, instance:com.epam.testng.CalculatorTest@4fb0f2b9]" started-at="2023-04-28T10:55:13 IST" name="verifyDiv" data-provider="dataProviderForDivOfDouble" finished-at="2023-04-28T10:55:13 IST" duration-ms="1" status="PASS">
          <params>
            <param index="0">
              <value>
                <![CDATA[-5.5]]>
              </value>
            </param>
            <param index="1">
              <value>
                <![CDATA[9]]>
              </value>
            </param>
          </params>
          <reporter-output>
          </reporter-output>
        </test-method> <!-- verifyDiv -->
        <test-method is-config="true" signature="beforeMethod()[pri:0, instance:com.epam.testng.CalculatorTest@4fb0f2b9]" started-at="2023-04-28T10:55:13 IST" name="beforeMethod" finished-at="2023-04-28T10:55:13 IST" duration-ms="0" status="PASS">
          <reporter-output>
          </reporter-output>
        </test-method> <!-- beforeMethod -->
        <test-method is-config="true" signature="afterMethod()[pri:0, instance:com.epam.testng.CalculatorTest@4fb0f2b9]" started-at="2023-04-28T10:55:13 IST" name="afterMethod" finished-at="2023-04-28T10:55:13 IST" duration-ms="0" status="PASS">
          <reporter-output>
          </reporter-output>
        </test-method> <!-- afterMethod -->
        <test-method signature="verifyDiv(double,double)[pri:0, instance:com.epam.testng.CalculatorTest@4fb0f2b9]" started-at="2023-04-28T10:55:13 IST" name="verifyDiv" data-provider="dataProviderForDivOfDouble" finished-at="2023-04-28T10:55:13 IST" duration-ms="1" status="PASS">
          <params>
            <param index="0">
              <value>
                <![CDATA[5.5]]>
              </value>
            </param>
            <param index="1">
              <value>
                <![CDATA[-9]]>
              </value>
            </param>
          </params>
          <reporter-output>
          </reporter-output>
        </test-method> <!-- verifyDiv -->
        <test-method is-config="true" signature="beforeMethod()[pri:0, instance:com.epam.testng.CalculatorTest@4fb0f2b9]" started-at="2023-04-28T10:55:13 IST" name="beforeMethod" finished-at="2023-04-28T10:55:13 IST" duration-ms="0" status="PASS">
          <reporter-output>
          </reporter-output>
        </test-method> <!-- beforeMethod -->
        <test-method is-config="true" signature="afterMethod()[pri:0, instance:com.epam.testng.CalculatorTest@4fb0f2b9]" started-at="2023-04-28T10:55:13 IST" name="afterMethod" finished-at="2023-04-28T10:55:13 IST" duration-ms="1" status="PASS">
          <reporter-output>
          </reporter-output>
        </test-method> <!-- afterMethod -->
        <test-method signature="verifyDiv(double,double)[pri:0, instance:com.epam.testng.CalculatorTest@4fb0f2b9]" started-at="2023-04-28T10:55:13 IST" name="verifyDiv" data-provider="dataProviderForDivOfDouble" finished-at="2023-04-28T10:55:13 IST" duration-ms="1" status="PASS">
          <params>
            <param index="0">
              <value>
                <![CDATA[1.7976931348623157E308]]>
              </value>
            </param>
            <param index="1">
              <value>
                <![CDATA[4.9E-324]]>
              </value>
            </param>
          </params>
          <reporter-output>
          </reporter-output>
        </test-method> <!-- verifyDiv -->
        <test-method is-config="true" signature="beforeMethod()[pri:0, instance:com.epam.testng.CalculatorTest@4fb0f2b9]" started-at="2023-04-28T10:55:13 IST" name="beforeMethod" finished-at="2023-04-28T10:55:13 IST" duration-ms="0" status="PASS">
          <reporter-output>
          </reporter-output>
        </test-method> <!-- beforeMethod -->
        <test-method is-config="true" signature="afterMethod()[pri:0, instance:com.epam.testng.CalculatorTest@4fb0f2b9]" started-at="2023-04-28T10:55:13 IST" name="afterMethod" finished-at="2023-04-28T10:55:13 IST" duration-ms="0" status="PASS">
          <reporter-output>
          </reporter-output>
        </test-method> <!-- afterMethod -->
        <test-method is-config="true" signature="beforeMethod()[pri:0, instance:com.epam.testng.CalculatorTest@4fb0f2b9]" started-at="2023-04-28T10:55:13 IST" name="beforeMethod" finished-at="2023-04-28T10:55:13 IST" duration-ms="1" status="PASS">
          <reporter-output>
          </reporter-output>
        </test-method> <!-- beforeMethod -->
        <test-method signature="verifyDiv(long,long)[pri:0, instance:com.epam.testng.CalculatorTest@4fb0f2b9]" started-at="2023-04-28T10:55:13 IST" name="verifyDiv" data-provider="dataProviderForDivOfLong" finished-at="2023-04-28T10:55:13 IST" duration-ms="0" status="PASS">
          <params>
            <param index="0">
              <value>
                <![CDATA[2]]>
              </value>
            </param>
            <param index="1">
              <value>
                <![CDATA[6]]>
              </value>
            </param>
          </params>
          <reporter-output>
          </reporter-output>
        </test-method> <!-- verifyDiv -->
        <test-method is-config="true" signature="afterMethod()[pri:0, instance:com.epam.testng.CalculatorTest@4fb0f2b9]" started-at="2023-04-28T10:55:13 IST" name="afterMethod" finished-at="2023-04-28T10:55:13 IST" duration-ms="1" status="PASS">
          <reporter-output>
          </reporter-output>
        </test-method> <!-- afterMethod -->
        <test-method is-config="true" signature="beforeMethod()[pri:0, instance:com.epam.testng.CalculatorTest@4fb0f2b9]" started-at="2023-04-28T10:55:13 IST" name="beforeMethod" finished-at="2023-04-28T10:55:13 IST" duration-ms="1" status="PASS">
          <reporter-output>
          </reporter-output>
        </test-method> <!-- beforeMethod -->
        <test-method signature="verifyDiv(long,long)[pri:0, instance:com.epam.testng.CalculatorTest@4fb0f2b9]" started-at="2023-04-28T10:55:13 IST" name="verifyDiv" data-provider="dataProviderForDivOfLong" finished-at="2023-04-28T10:55:13 IST" duration-ms="0" status="PASS">
          <params>
            <param index="0">
              <value>
                <![CDATA[0]]>
              </value>
            </param>
            <param index="1">
              <value>
                <![CDATA[5]]>
              </value>
            </param>
          </params>
          <reporter-output>
          </reporter-output>
        </test-method> <!-- verifyDiv -->
        <test-method is-config="true" signature="afterMethod()[pri:0, instance:com.epam.testng.CalculatorTest@4fb0f2b9]" started-at="2023-04-28T10:55:13 IST" name="afterMethod" finished-at="2023-04-28T10:55:13 IST" duration-ms="1" status="PASS">
          <reporter-output>
          </reporter-output>
        </test-method> <!-- afterMethod -->
        <test-method is-config="true" signature="beforeMethod()[pri:0, instance:com.epam.testng.CalculatorTest@4fb0f2b9]" started-at="2023-04-28T10:55:13 IST" name="beforeMethod" finished-at="2023-04-28T10:55:13 IST" duration-ms="1" status="PASS">
          <reporter-output>
          </reporter-output>
        </test-method> <!-- beforeMethod -->
        <test-method signature="verifyDiv(long,long)[pri:0, instance:com.epam.testng.CalculatorTest@4fb0f2b9]" started-at="2023-04-28T10:55:13 IST" name="verifyDiv" data-provider="dataProviderForDivOfLong" finished-at="2023-04-28T10:55:13 IST" duration-ms="1" status="PASS">
          <params>
            <param index="0">
              <value>
                <![CDATA[9223372036854775807]]>
              </value>
            </param>
            <param index="1">
              <value>
                <![CDATA[9223372036854775807]]>
              </value>
            </param>
          </params>
          <reporter-output>
          </reporter-output>
        </test-method> <!-- verifyDiv -->
        <test-method is-config="true" signature="afterMethod()[pri:0, instance:com.epam.testng.CalculatorTest@4fb0f2b9]" started-at="2023-04-28T10:55:13 IST" name="afterMethod" finished-at="2023-04-28T10:55:13 IST" duration-ms="0" status="PASS">
          <reporter-output>
          </reporter-output>
        </test-method> <!-- afterMethod -->
        <test-method is-config="true" signature="beforeMethod()[pri:0, instance:com.epam.testng.CalculatorTest@4fb0f2b9]" started-at="2023-04-28T10:55:13 IST" name="beforeMethod" finished-at="2023-04-28T10:55:13 IST" duration-ms="2" status="PASS">
          <reporter-output>
          </reporter-output>
        </test-method> <!-- beforeMethod -->
        <test-method signature="verifyDiv(long,long)[pri:0, instance:com.epam.testng.CalculatorTest@4fb0f2b9]" started-at="2023-04-28T10:55:13 IST" name="verifyDiv" data-provider="dataProviderForDivOfLong" finished-at="2023-04-28T10:55:13 IST" duration-ms="0" status="PASS">
          <params>
            <param index="0">
              <value>
                <![CDATA[-1]]>
              </value>
            </param>
            <param index="1">
              <value>
                <![CDATA[-4]]>
              </value>
            </param>
          </params>
          <reporter-output>
          </reporter-output>
        </test-method> <!-- verifyDiv -->
        <test-method is-config="true" signature="afterMethod()[pri:0, instance:com.epam.testng.CalculatorTest@4fb0f2b9]" started-at="2023-04-28T10:55:13 IST" name="afterMethod" finished-at="2023-04-28T10:55:13 IST" duration-ms="0" status="PASS">
          <reporter-output>
          </reporter-output>
        </test-method> <!-- afterMethod -->
        <test-method signature="verifyDiv(long,long)[pri:0, instance:com.epam.testng.CalculatorTest@4fb0f2b9]" started-at="2023-04-28T10:55:13 IST" name="verifyDiv" data-provider="dataProviderForDivOfLong" finished-at="2023-04-28T10:55:13 IST" duration-ms="1" status="PASS">
          <params>
            <param index="0">
              <value>
                <![CDATA[-5]]>
              </value>
            </param>
            <param index="1">
              <value>
                <![CDATA[3]]>
              </value>
            </param>
          </params>
          <reporter-output>
          </reporter-output>
        </test-method> <!-- verifyDiv -->
        <test-method is-config="true" signature="beforeMethod()[pri:0, instance:com.epam.testng.CalculatorTest@4fb0f2b9]" started-at="2023-04-28T10:55:13 IST" name="beforeMethod" finished-at="2023-04-28T10:55:13 IST" duration-ms="0" status="PASS">
          <reporter-output>
          </reporter-output>
        </test-method> <!-- beforeMethod -->
        <test-method is-config="true" signature="afterMethod()[pri:0, instance:com.epam.testng.CalculatorTest@4fb0f2b9]" started-at="2023-04-28T10:55:13 IST" name="afterMethod" finished-at="2023-04-28T10:55:13 IST" duration-ms="0" status="PASS">
          <reporter-output>
          </reporter-output>
        </test-method> <!-- afterMethod -->
        <test-method signature="verifyDiv(long,long)[pri:0, instance:com.epam.testng.CalculatorTest@4fb0f2b9]" started-at="2023-04-28T10:55:14 IST" name="verifyDiv" data-provider="dataProviderForDivOfLong" finished-at="2023-04-28T10:55:14 IST" duration-ms="0" status="PASS">
          <params>
            <param index="0">
              <value>
                <![CDATA[5]]>
              </value>
            </param>
            <param index="1">
              <value>
                <![CDATA[-3]]>
              </value>
            </param>
          </params>
          <reporter-output>
          </reporter-output>
        </test-method> <!-- verifyDiv -->
        <test-method is-config="true" signature="beforeMethod()[pri:0, instance:com.epam.testng.CalculatorTest@4fb0f2b9]" started-at="2023-04-28T10:55:14 IST" name="beforeMethod" finished-at="2023-04-28T10:55:14 IST" duration-ms="0" status="PASS">
          <reporter-output>
          </reporter-output>
        </test-method> <!-- beforeMethod -->
        <test-method signature="verifyDiv(long,long)[pri:0, instance:com.epam.testng.CalculatorTest@4fb0f2b9]" started-at="2023-04-28T10:55:14 IST" name="verifyDiv" data-provider="dataProviderForDivOfLong" finished-at="2023-04-28T10:55:14 IST" duration-ms="1" status="PASS">
          <params>
            <param index="0">
              <value>
                <![CDATA[-9223372036854775808]]>
              </value>
            </param>
            <param index="1">
              <value>
                <![CDATA[-9223372036854775808]]>
              </value>
            </param>
          </params>
          <reporter-output>
          </reporter-output>
        </test-method> <!-- verifyDiv -->
        <test-method is-config="true" signature="afterMethod()[pri:0, instance:com.epam.testng.CalculatorTest@4fb0f2b9]" started-at="2023-04-28T10:55:14 IST" name="afterMethod" finished-at="2023-04-28T10:55:14 IST" duration-ms="0" status="PASS">
          <reporter-output>
          </reporter-output>
        </test-method> <!-- afterMethod -->
        <test-method is-config="true" signature="beforeMethod()[pri:0, instance:com.epam.testng.CalculatorTest@4fb0f2b9]" started-at="2023-04-28T10:55:14 IST" name="beforeMethod" finished-at="2023-04-28T10:55:14 IST" duration-ms="0" status="PASS">
          <reporter-output>
          </reporter-output>
        </test-method> <!-- beforeMethod -->
        <test-method is-config="true" signature="afterMethod()[pri:0, instance:com.epam.testng.CalculatorTest@4fb0f2b9]" started-at="2023-04-28T10:55:14 IST" name="afterMethod" finished-at="2023-04-28T10:55:14 IST" duration-ms="0" status="PASS">
          <reporter-output>
          </reporter-output>
        </test-method> <!-- afterMethod -->
        <test-method is-config="true" signature="afterClass()[pri:0, instance:com.epam.testng.CalculatorTest@4fb0f2b9]" started-at="2023-04-28T10:55:14 IST" name="afterClass" finished-at="2023-04-28T10:55:14 IST" duration-ms="1" status="PASS">
          <reporter-output>
          </reporter-output>
        </test-method> <!-- afterClass -->
        <test-method is-config="true" signature="afterTest()[pri:0, instance:com.epam.testng.CalculatorTest@4fb0f2b9]" started-at="2023-04-28T10:55:14 IST" name="afterTest" finished-at="2023-04-28T10:55:14 IST" duration-ms="1" status="PASS">
          <reporter-output>
          </reporter-output>
        </test-method> <!-- afterTest -->
        <test-method is-config="true" signature="afterSuite()[pri:0, instance:com.epam.testng.CalculatorTest@4fb0f2b9]" started-at="2023-04-28T10:55:14 IST" name="afterSuite" finished-at="2023-04-28T10:55:14 IST" duration-ms="0" status="PASS">
          <reporter-output>
          </reporter-output>
        </test-method> <!-- afterSuite -->
      </class> <!-- com.epam.testng.CalculatorTest -->
    </test> <!-- Surefire test -->
  </suite> <!-- Surefire suite -->
</testng-results>
