<?xml version="1.0" encoding="UTF-8"?>
<testsuite xmlns:xsi="http://www.w3.org/2001/XMLSchema-instance" xsi:noNamespaceSchemaLocation="https://maven.apache.org/surefire/maven-surefire-plugin/xsd/surefire-test-report-3.0.xsd" version="3.0" name="com.epam.testng.CalculatorTest" time="0.581" tests="13" errors="0" skipped="0" failures="0">
  <properties>
[...]
</properties>
  <testcase name="verifyDiv[2.5, 4.5](1)" classname="com.epam.testng.CalculatorTest" time="0.002">
    <system-out><![CDATA[Before Suite
Before test
Before class
Before Method
]]></system-out>
  </testcase>
  <testcase name="verifyDiv[4.9E-324, 1.7976931348623157E308](2)" classname="com.epam.testng.CalculatorTest" time="0.006">
    <system-out><![CDATA[After Method
Before Method
]]></system-out>
  </testcase>
  <testcase name="verifyDiv[0, 5.95](3)" classname="com.epam.testng.CalculatorTest" time="0">
    <system-out><![CDATA[After Method
Before Method
]]></system-out>
  </testcase>
  <testcase name="verifyDiv[-5.5, 9](4)" classname="com.epam.testng.CalculatorTest" time="0">
    <system-out><![CDATA[After Method
Before Method
]]></system-out>
  </testcase>
  <testcase name="verifyDiv[5.5, -9](5)" classname="com.epam.testng.CalculatorTest" time="0">
    <system-out><![CDATA[After Method
Before Method
]]></system-out>
  </testcase>
  <testcase name="verifyDiv[1.7976931348623157E308, 4.9E-324](6)" classname="com.epam.testng.CalculatorTest" time="0">
    <system-out><![CDATA[After Method
Before Method
]]></system-out>
  </testcase>
  <testcase name="verifyDiv[2, 6](1)" classname="com.epam.testng.CalculatorTest" time="0">
    <system-out><![CDATA[After Method
Before Method
]]></system-out>
  </testcase>
  <testcase name="verifyDiv[0, 5](2)" classname="com.epam.testng.CalculatorTest" time="0">
    <system-out><![CDATA[After Method
Before Method
]]></system-out>
  </testcase>
  <testcase name="verifyDiv[9223372036854775807, 9223372036854775807](3)" classname="com.epam.testng.CalculatorTest" time="0">
    <system-out><![CDATA[After Method
Before Method
]]></system-out>
  </testcase>
  <testcase name="verifyDiv[-1, -4](4)" classname="com.epam.testng.CalculatorTest" time="0">
    <system-out><![CDATA[After Method
Before Method
]]></system-out>
  </testcase>
  <testcase name="verifyDiv[-5, 3](5)" classname="com.epam.testng.CalculatorTest" time="0">
    <system-out><![CDATA[After Method
Before Method
]]></system-out>
  </testcase>
  <testcase name="verifyDiv[5, -3](6)" classname="com.epam.testng.CalculatorTest" time="0">
    <system-out><![CDATA[After Method
Before Method
]]></system-out>
  </testcase>
  <testcase name="verifyDiv[-9223372036854775808, -9223372036854775808](7)" classname="com.epam.testng.CalculatorTest" time="0">
    <system-out><![CDATA[After Method
Before Method
]]></system-out>
  </testcase>
</testsuite>